Using pre-set license

 COMMAND LINE ARGUMENTS:
/Applications/Unity/Hub/Editor/2020.3.0f1/Unity.app/Contents/MacOS/Unity
-adb2
-batchMode
-noUpm
-name
AssetImportWorker0
-projectPath
/Users/hannaalgedri/Desktop/Uni/CogSci/Programming/Unity/introUnityProject
-logFile
Logs/AssetImportWorker0.log
-srvPort
55524
Successfully changed project path to: /Users/hannaalgedri/Desktop/Uni/CogSci/Programming/Unity/introUnityProject
/Users/hannaalgedri/Desktop/Uni/CogSci/Programming/Unity/introUnityProject
Using Asset Import Pipeline V2.
Refreshing native plugins compatible for Editor in 24.63 ms, found 1 plugins.
Preloading 0 native plugins for Editor in 0.00 ms.
Initialize engine version: 2020.3.0f1 (c7b5465681fb)
[Subsystems] Discovering subsystems at path /Applications/Unity/Hub/Editor/2020.3.0f1/Unity.app/Contents/Resources/UnitySubsystems
[Subsystems] Discovering subsystems at path /Users/hannaalgedri/Desktop/Uni/CogSci/Programming/Unity/introUnityProject/Assets
GfxDevice: creating device client; threaded=0
2021-03-30 14:55:57.261 Unity[83852:4701303] Color LCD preferred device: AMD Radeon R9 M370X (high power)
2021-03-30 14:55:57.261 Unity[83852:4701303] Metal devices available: 2
2021-03-30 14:55:57.261 Unity[83852:4701303] 0: AMD Radeon R9 M370X (high power)
2021-03-30 14:55:57.261 Unity[83852:4701303] 1: Intel Iris Pro Graphics (low power)
2021-03-30 14:55:57.261 Unity[83852:4701303] Using device AMD Radeon R9 M370X (high power)
Initializing Metal device caps: AMD Radeon R9 M370X
Initialize mono
Mono path[0] = '/Applications/Unity/Hub/Editor/2020.3.0f1/Unity.app/Contents/Managed'
Mono path[1] = '/Applications/Unity/Hub/Editor/2020.3.0f1/Unity.app/Contents/MonoBleedingEdge/lib/mono/unityjit'
Mono config path = '/Applications/Unity/Hub/Editor/2020.3.0f1/Unity.app/Contents/MonoBleedingEdge/etc'
Using monoOptions --debugger-agent=transport=dt_socket,embedding=1,server=y,suspend=n,address=127.0.0.1:56852
Begin MonoManager ReloadAssembly
Registering precompiled unity dll's ...
Register platform support module: /Applications/Unity/Hub/Editor/2020.3.0f1/PlaybackEngines/WebGLSupport/UnityEditor.WebGL.Extensions.dll
Register platform support module: /Applications/Unity/Hub/Editor/2020.3.0f1/Unity.app/Contents/PlaybackEngines/MacStandaloneSupport/UnityEditor.OSXStandalone.Extensions.dll
Registered in 0.002903 seconds.
Native extension for OSXStandalone target not found
Native extension for WebGL target not found
Refreshing native plugins compatible for Editor in 21.79 ms, found 1 plugins.
Preloading 0 native plugins for Editor in 0.00 ms.
Invoked RoslynAnalysisRunner static constructor.
RoslynAnalysisRunner will not be running.
RoslynAnalysisRunner has terminated.
Mono: successfully reloaded assembly
- Completed reload, in  2.486 seconds
Platform modules already initialized, skipping
Registering precompiled user dll's ...
Registered in 0.001350 seconds.
Begin MonoManager ReloadAssembly
Native extension for OSXStandalone target not found
Native extension for WebGL target not found
Refreshing native plugins compatible for Editor in 0.21 ms, found 1 plugins.
Preloading 0 native plugins for Editor in 0.00 ms.
Invoked RoslynAnalysisRunner static constructor.
RoslynAnalysisRunner will not be running.
RoslynAnalysisRunner has terminated.
Mono: successfully reloaded assembly
- Completed reload, in  1.007 seconds
Platform modules already initialized, skipping
========================================================================
Worker process is ready to serve import requests
Launching external process: /Applications/Unity/Hub/Editor/2020.3.0f1/Unity.app/Contents/Tools/UnityShaderCompiler
Launched and connected shader compiler UnityShaderCompiler after 0.01 seconds
Refreshing native plugins compatible for Editor in 0.28 ms, found 1 plugins.
Preloading 0 native plugins for Editor in 0.00 ms.
Unloading 1113 Unused Serialized files (Serialized files now loaded: 0)
System memory in use before: 110.6 MB.
System memory in use after: 110.7 MB.

Unloading 10 unused Assets to reduce memory usage. Loaded Objects now: 1559.
Total: 3.085327 ms (FindLiveObjects: 0.244305 ms CreateObjectMapping: 0.071986 ms MarkObjects: 2.661296 ms  DeleteObjects: 0.105475 ms)

========================================================================
Received Import Request.
  path: Assets/Tree_Textures
  artifactKey: Guid(ddb7421cc8a11495fa164cbec8b3db88) Importer(815301076,1909f56bfc062723c751e8b465ee728b)
Start importing Assets/Tree_Textures using Guid(ddb7421cc8a11495fa164cbec8b3db88) Importer(815301076,1909f56bfc062723c751e8b465ee728b)  -> (artifact id: 'e949a8f1ccab0bcfbfda5179d74b9c55') in 0.006777 seconds
  Import took 0.009759 seconds .

========================================================================
Received Import Request.
  Time since last request: 0.000278 seconds.
  path: Assets/Scenes
  artifactKey: Guid(aa3e631bcef3b4bcb8627df9bb7d607a) Importer(815301076,1909f56bfc062723c751e8b465ee728b)
Start importing Assets/Scenes using Guid(aa3e631bcef3b4bcb8627df9bb7d607a) Importer(815301076,1909f56bfc062723c751e8b465ee728b)  -> (artifact id: '1b291d1cac2e1879e7dd0db9fbe57110') in 0.001471 seconds
  Import took 0.003213 seconds .

========================================================================
Received Import Request.
  Time since last request: 9.377356 seconds.
  path: Assets/Material
  artifactKey: Guid(ac2030f127afe4e7da4368460afc8d95) Importer(815301076,1909f56bfc062723c751e8b465ee728b)
Start importing Assets/Material using Guid(ac2030f127afe4e7da4368460afc8d95) Importer(815301076,1909f56bfc062723c751e8b465ee728b)  -> (artifact id: 'b3fe8b4ee79824debec128087bcd7050') in 0.002262 seconds
  Import took 0.004350 seconds .

========================================================================
Received Import Request.
  Time since last request: 2.856628 seconds.
  path: Assets/Tree.prefab
  artifactKey: Guid(972dede7b665e4e5a9859c466a54869e) Importer(815301076,1909f56bfc062723c751e8b465ee728b)
Start importing Assets/Tree.prefab using Guid(972dede7b665e4e5a9859c466a54869e) Importer(815301076,1909f56bfc062723c751e8b465ee728b)  -> (artifact id: '5992e430bbff5032851b3dd4e552a63a') in 1.939524 seconds
  Import took 1.942777 seconds .

